<?xml version="1.0" encoding="UTF-8" standalone="no"?>
<testsuite errors="0" failures="0" name="io.cucumber.core.plugin.JUnitFormatter" skipped="0" tests="2" time="0.295">
    <testcase classname="Test login functionality" name="Check the user login is successful with valid credentials" time="0.045">
        <system-out><![CDATA[Given User is on login page.................................................passed
When User enters the username & password....................................passed
And Click on the login button...............................................passed
Then User is navigated to the home page.....................................passed
]]></system-out>
    </testcase>
    <testcase classname="Test login functionality" name="Check the user is able to sucessfully register into the system" time="0.011">
        <system-out><![CDATA[Given User is on langing page...............................................passed
And User clicks on sign up button...........................................passed
When User enters the following details......................................passed
And Clicks on the submit button.............................................passed
Then User gets a registration successful message............................passed
]]></system-out>
    </testcase>
</testsuite>
